mode: set
finances/internal/domain/models/debt/debt.go:19.26,22.2 2 0
finances/internal/domain/models/debt/debt.go:24.28,27.2 2 0
finances/internal/domain/models/debt/debt.go:29.34,30.54 1 0
finances/internal/domain/models/debt/debt.go:30.54,32.3 1 0
finances/internal/domain/models/debt/debt.go:34.2,34.14 1 0
finances/internal/infra/server/server.go:11.20,22.18 8 0
finances/internal/infra/server/server.go:23.14,24.57 1 0
finances/internal/infra/server/server.go:24.57,26.4 1 0
finances/internal/infra/server/server.go:27.15,28.78 1 0
finances/internal/infra/server/server.go:28.78,30.4 1 0
finances/internal/infra/db/repositories/debt/debt.go:10.39,13.25 2 0
finances/internal/infra/db/repositories/debt/debt.go:13.25,16.3 2 0
finances/internal/infra/db/repositories/debt/debt.go:18.2,18.12 1 0
finances/internal/infra/db/repositories/debt/debt.go:21.42,24.20 2 0
finances/internal/infra/db/repositories/debt/debt.go:24.20,27.25 2 0
finances/internal/infra/db/repositories/debt/debt.go:27.25,30.4 2 0
finances/internal/infra/db/repositories/debt/debt.go:32.3,32.15 1 0
finances/internal/infra/db/repositories/debt/debt.go:35.2,35.20 1 0
finances/internal/infra/db/repositories/debt/debt.go:35.20,36.19 1 0
finances/internal/infra/db/repositories/debt/debt.go:37.13,40.26 2 0
finances/internal/infra/db/repositories/debt/debt.go:40.26,43.5 2 0
finances/internal/infra/db/repositories/debt/debt.go:45.14,48.26 2 0
finances/internal/infra/db/repositories/debt/debt.go:48.26,51.5 2 0
finances/internal/infra/db/repositories/debt/debt.go:54.3,54.15 1 0
finances/internal/infra/db/repositories/debt/debt.go:57.2,57.14 1 0
finances/internal/infra/db/repositories/debt/debt.go:60.49,64.24 3 0
finances/internal/infra/db/repositories/debt/debt.go:64.24,67.3 2 0
finances/internal/infra/db/repositories/debt/debt.go:69.2,69.21 1 0
finances/internal/infra/db/repositories/debt/debt.go:72.39,75.25 2 0
finances/internal/infra/db/repositories/debt/debt.go:75.25,78.3 2 0
finances/internal/infra/db/repositories/debt/debt.go:78.8,80.3 1 0
finances/internal/infra/db/repositories/debt/debt.go:83.38,84.72 1 0
finances/internal/infra/db/repositories/debt/debt.go:84.72,88.3 3 0
finances/internal/infra/db/repositories/debt/debt.go:88.8,92.3 3 0
finances/internal/infra/db/repositories/debt/debt.go:95.42,100.24 3 0
finances/internal/infra/db/repositories/debt/debt.go:100.24,103.3 2 0
finances/internal/infra/db/repositories/debt/debt.go:103.8,105.3 1 0
finances/internal/infra/db/repositories/debt/debt.go:108.55,111.29 2 0
finances/internal/infra/db/repositories/debt/debt.go:111.29,115.3 3 0
finances/internal/infra/db/repositories/debt/debt.go:117.2,117.21 1 0
finances/internal/infra/db/repositories/debt/debt.go:120.40,123.16 2 0
finances/internal/infra/db/repositories/debt/debt.go:123.16,125.3 1 0
finances/internal/infra/db/repositories/debt/debt.go:127.2,127.12 1 0
finances/internal/infra/db/repositories/debt/debt.go:130.42,133.16 2 0
finances/internal/infra/db/repositories/debt/debt.go:133.16,135.3 1 0
finances/internal/infra/db/repositories/debt/debt.go:137.2,139.16 2 0
finances/internal/infra/db/repositories/debt/debt.go:139.16,141.3 1 0
finances/internal/infra/db/repositories/debt/debt.go:143.2,143.12 1 0
finances/internal/domain/services/income/income.go:10.35,12.2 1 0
finances/internal/domain/services/income/income.go:14.65,19.16 3 0
finances/internal/domain/services/income/income.go:19.16,22.3 2 0
finances/internal/domain/services/income/income.go:23.2,23.21 1 0
finances/internal/domain/services/income/income.go:26.65,29.16 2 0
finances/internal/domain/services/income/income.go:29.16,32.3 2 0
finances/internal/domain/services/income/income.go:34.2,36.16 2 0
finances/internal/domain/services/income/income.go:36.16,39.3 2 0
finances/internal/domain/services/income/income.go:41.2,41.20 1 0
finances/internal/domain/services/income/income.go:44.36,47.16 2 0
finances/internal/domain/services/income/income.go:47.16,50.3 2 0
finances/internal/domain/services/income/income.go:51.2,51.12 1 0
finances/internal/domain/services/income/income.go:54.36,59.33 3 0
finances/internal/domain/services/income/income.go:59.33,61.3 1 0
finances/internal/domain/services/income/income.go:63.2,63.25 1 0
finances/internal/infra/db/db.go:15.24,38.16 12 0
finances/internal/infra/db/db.go:38.16,40.3 1 0
finances/internal/infra/db/db.go:40.8,42.3 1 0
finances/internal/infra/db/db.go:44.2,44.27 1 0
finances/internal/infra/db/db.go:44.27,50.17 3 0
finances/internal/infra/db/db.go:50.17,52.4 1 0
finances/internal/infra/db/db.go:52.9,54.4 1 0
finances/internal/infra/db/db.go:57.2,57.21 1 0
finances/internal/infra/db/db.go:57.21,60.3 2 0
finances/internal/infra/db/db.go:63.27,67.16 3 0
finances/internal/infra/db/db.go:67.16,69.3 1 0
finances/internal/infra/db/db.go:70.2,70.13 1 0
finances/internal/infra/settings/env.go:32.28,34.2 1 0
finances/internal/infra/settings/env.go:36.17,37.41 1 0
finances/internal/infra/settings/env.go:37.41,39.3 1 0
finances/internal/infra/settings/env.go:40.2,40.46 1 0
finances/internal/infra/db/repositories/income/income.go:10.47,13.25 2 0
finances/internal/infra/db/repositories/income/income.go:13.25,16.3 2 0
finances/internal/infra/db/repositories/income/income.go:18.2,18.12 1 0
finances/internal/infra/db/repositories/income/income.go:21.35,25.24 3 0
finances/internal/infra/db/repositories/income/income.go:25.24,28.3 2 0
finances/internal/infra/db/repositories/income/income.go:30.2,30.16 1 0
finances/internal/infra/db/repositories/income/income.go:33.55,37.24 3 0
finances/internal/infra/db/repositories/income/income.go:37.24,40.3 2 0
finances/internal/infra/db/repositories/income/income.go:42.2,42.21 1 0
finances/internal/infra/db/repositories/income/income.go:45.47,48.25 2 0
finances/internal/infra/db/repositories/income/income.go:48.25,51.3 2 0
finances/internal/infra/db/repositories/income/income.go:51.8,54.3 2 0
finances/internal/infra/db/repositories/income/income.go:57.40,59.76 1 0
finances/internal/infra/db/repositories/income/income.go:59.76,63.3 3 0
finances/internal/infra/db/repositories/income/income.go:63.8,67.3 3 0
finances/internal/domain/models/debt/debt.go:19.26,22.2 2 0
finances/internal/domain/models/debt/debt.go:24.28,27.2 2 0
finances/internal/domain/models/debt/debt.go:29.34,30.54 1 0
finances/internal/domain/models/debt/debt.go:30.54,32.3 1 0
finances/internal/domain/models/debt/debt.go:34.2,34.14 1 0
finances/internal/domain/services/debt/debt.go:14.52,20.2 3 0
finances/internal/domain/services/debt/debt.go:22.63,28.16 4 0
finances/internal/domain/services/debt/debt.go:28.16,30.3 1 0
finances/internal/domain/services/debt/debt.go:32.2,32.19 1 0
finances/internal/domain/services/debt/debt.go:35.63,40.16 3 0
finances/internal/domain/services/debt/debt.go:40.16,42.3 1 0
finances/internal/domain/services/debt/debt.go:44.2,46.20 2 0
finances/internal/domain/services/debt/debt.go:49.44,52.16 2 0
finances/internal/domain/services/debt/debt.go:52.16,54.3 1 0
finances/internal/domain/services/debt/debt.go:56.2,56.12 1 0
finances/internal/domain/services/debt/debt.go:59.80,62.16 2 0
finances/internal/domain/services/debt/debt.go:62.16,64.3 1 0
finances/internal/domain/services/debt/debt.go:66.2,66.12 1 0
finances/internal/domain/services/debt/debt.go:66.12,72.17 3 0
finances/internal/domain/services/debt/debt.go:72.17,74.4 1 0
finances/internal/domain/services/debt/debt.go:76.3,78.19 2 0
finances/internal/domain/services/debt/debt.go:79.8,85.17 3 0
finances/internal/domain/services/debt/debt.go:85.17,87.4 1 0
finances/internal/domain/services/debt/debt.go:89.3,91.19 2 0
finances/internal/domain/services/debt/debt.go:95.48,100.29 3 0
finances/internal/domain/services/debt/debt.go:100.29,102.3 1 0
finances/internal/domain/services/debt/debt.go:103.2,103.23 1 0
finances/internal/domain/services/debt/debt.go:106.44,111.29 3 0
finances/internal/domain/services/debt/debt.go:111.29,113.3 1 0
finances/internal/domain/services/debt/debt.go:115.2,115.23 1 0
finances/internal/infra/db/db.go:15.24,38.16 12 0
finances/internal/infra/db/db.go:38.16,40.3 1 0
finances/internal/infra/db/db.go:40.8,42.3 1 0
finances/internal/infra/db/db.go:44.2,44.27 1 0
finances/internal/infra/db/db.go:44.27,50.17 3 0
finances/internal/infra/db/db.go:50.17,52.4 1 0
finances/internal/infra/db/db.go:52.9,54.4 1 0
finances/internal/infra/db/db.go:57.2,57.21 1 0
finances/internal/infra/db/db.go:57.21,60.3 2 0
finances/internal/infra/db/db.go:63.27,67.16 3 0
finances/internal/infra/db/db.go:67.16,69.3 1 0
finances/internal/infra/db/db.go:70.2,70.13 1 0
finances/internal/infra/db/repositories/debt/debt.go:10.39,13.25 2 0
finances/internal/infra/db/repositories/debt/debt.go:13.25,16.3 2 0
finances/internal/infra/db/repositories/debt/debt.go:18.2,18.12 1 0
finances/internal/infra/db/repositories/debt/debt.go:21.42,24.20 2 0
finances/internal/infra/db/repositories/debt/debt.go:24.20,27.25 2 0
finances/internal/infra/db/repositories/debt/debt.go:27.25,30.4 2 0
finances/internal/infra/db/repositories/debt/debt.go:32.3,32.15 1 0
finances/internal/infra/db/repositories/debt/debt.go:35.2,35.20 1 0
finances/internal/infra/db/repositories/debt/debt.go:35.20,36.19 1 0
finances/internal/infra/db/repositories/debt/debt.go:37.13,40.26 2 0
finances/internal/infra/db/repositories/debt/debt.go:40.26,43.5 2 0
finances/internal/infra/db/repositories/debt/debt.go:45.14,48.26 2 0
finances/internal/infra/db/repositories/debt/debt.go:48.26,51.5 2 0
finances/internal/infra/db/repositories/debt/debt.go:54.3,54.15 1 0
finances/internal/infra/db/repositories/debt/debt.go:57.2,57.14 1 0
finances/internal/infra/db/repositories/debt/debt.go:60.49,64.24 3 0
finances/internal/infra/db/repositories/debt/debt.go:64.24,67.3 2 0
finances/internal/infra/db/repositories/debt/debt.go:69.2,69.21 1 0
finances/internal/infra/db/repositories/debt/debt.go:72.39,75.25 2 0
finances/internal/infra/db/repositories/debt/debt.go:75.25,78.3 2 0
finances/internal/infra/db/repositories/debt/debt.go:78.8,80.3 1 0
finances/internal/infra/db/repositories/debt/debt.go:83.38,84.72 1 0
finances/internal/infra/db/repositories/debt/debt.go:84.72,88.3 3 0
finances/internal/infra/db/repositories/debt/debt.go:88.8,92.3 3 0
finances/internal/infra/db/repositories/debt/debt.go:95.42,100.24 3 0
finances/internal/infra/db/repositories/debt/debt.go:100.24,103.3 2 0
finances/internal/infra/db/repositories/debt/debt.go:103.8,105.3 1 0
finances/internal/infra/db/repositories/debt/debt.go:108.55,111.29 2 0
finances/internal/infra/db/repositories/debt/debt.go:111.29,115.3 3 0
finances/internal/infra/db/repositories/debt/debt.go:117.2,117.21 1 0
finances/internal/infra/db/repositories/debt/debt.go:120.40,123.16 2 0
finances/internal/infra/db/repositories/debt/debt.go:123.16,125.3 1 0
finances/internal/infra/db/repositories/debt/debt.go:127.2,127.12 1 0
finances/internal/infra/db/repositories/debt/debt.go:130.42,133.16 2 0
finances/internal/infra/db/repositories/debt/debt.go:133.16,135.3 1 0
finances/internal/infra/db/repositories/debt/debt.go:137.2,139.16 2 0
finances/internal/infra/db/repositories/debt/debt.go:139.16,141.3 1 0
finances/internal/infra/db/repositories/debt/debt.go:143.2,143.12 1 0
finances/internal/infra/settings/env.go:32.28,34.2 1 0
finances/internal/infra/settings/env.go:36.17,37.41 1 0
finances/internal/infra/settings/env.go:37.41,39.3 1 0
finances/internal/infra/settings/env.go:40.2,40.46 1 0
finances/internal/domain/models/debt/debt.go:19.26,22.2 2 0
finances/internal/domain/models/debt/debt.go:24.28,27.2 2 0
finances/internal/domain/models/debt/debt.go:29.34,30.54 1 0
finances/internal/domain/models/debt/debt.go:30.54,32.3 1 0
finances/internal/domain/models/debt/debt.go:34.2,34.14 1 0
finances/internal/domain/services/balance/balance.go:13.90,15.2 1 1
finances/internal/domain/services/balance/balance.go:17.90,19.2 1 1
finances/internal/domain/services/balance/balance.go:21.42,23.2 1 0
finances/internal/domain/services/balance/balance.go:25.44,27.2 1 0
finances/internal/domain/services/balance/balance.go:29.47,31.2 1 0
finances/internal/domain/services/income/income.go:10.35,12.2 1 0
finances/internal/domain/services/income/income.go:14.65,19.16 3 0
finances/internal/domain/services/income/income.go:19.16,22.3 2 0
finances/internal/domain/services/income/income.go:23.2,23.21 1 0
finances/internal/domain/services/income/income.go:26.65,29.16 2 0
finances/internal/domain/services/income/income.go:29.16,32.3 2 0
finances/internal/domain/services/income/income.go:34.2,36.16 2 0
finances/internal/domain/services/income/income.go:36.16,39.3 2 0
finances/internal/domain/services/income/income.go:41.2,41.20 1 0
finances/internal/domain/services/income/income.go:44.36,47.16 2 0
finances/internal/domain/services/income/income.go:47.16,50.3 2 0
finances/internal/domain/services/income/income.go:51.2,51.12 1 0
finances/internal/domain/services/income/income.go:54.36,59.33 3 0
finances/internal/domain/services/income/income.go:59.33,61.3 1 0
finances/internal/domain/services/income/income.go:63.2,63.25 1 0
finances/internal/infra/db/db.go:15.24,38.16 12 0
finances/internal/infra/db/db.go:38.16,40.3 1 0
finances/internal/infra/db/db.go:40.8,42.3 1 0
finances/internal/infra/db/db.go:44.2,44.27 1 0
finances/internal/infra/db/db.go:44.27,50.17 3 0
finances/internal/infra/db/db.go:50.17,52.4 1 0
finances/internal/infra/db/db.go:52.9,54.4 1 0
finances/internal/infra/db/db.go:57.2,57.21 1 0
finances/internal/infra/db/db.go:57.21,60.3 2 0
finances/internal/infra/db/db.go:63.27,67.16 3 0
finances/internal/infra/db/db.go:67.16,69.3 1 0
finances/internal/infra/db/db.go:70.2,70.13 1 0
finances/internal/infra/db/repositories/debt/debt.go:10.39,13.25 2 0
finances/internal/infra/db/repositories/debt/debt.go:13.25,16.3 2 0
finances/internal/infra/db/repositories/debt/debt.go:18.2,18.12 1 0
finances/internal/infra/db/repositories/debt/debt.go:21.42,24.20 2 0
finances/internal/infra/db/repositories/debt/debt.go:24.20,27.25 2 0
finances/internal/infra/db/repositories/debt/debt.go:27.25,30.4 2 0
finances/internal/infra/db/repositories/debt/debt.go:32.3,32.15 1 0
finances/internal/infra/db/repositories/debt/debt.go:35.2,35.20 1 0
finances/internal/infra/db/repositories/debt/debt.go:35.20,36.19 1 0
finances/internal/infra/db/repositories/debt/debt.go:37.13,40.26 2 0
finances/internal/infra/db/repositories/debt/debt.go:40.26,43.5 2 0
finances/internal/infra/db/repositories/debt/debt.go:45.14,48.26 2 0
finances/internal/infra/db/repositories/debt/debt.go:48.26,51.5 2 0
finances/internal/infra/db/repositories/debt/debt.go:54.3,54.15 1 0
finances/internal/infra/db/repositories/debt/debt.go:57.2,57.14 1 0
finances/internal/infra/db/repositories/debt/debt.go:60.49,64.24 3 0
finances/internal/infra/db/repositories/debt/debt.go:64.24,67.3 2 0
finances/internal/infra/db/repositories/debt/debt.go:69.2,69.21 1 0
finances/internal/infra/db/repositories/debt/debt.go:72.39,75.25 2 0
finances/internal/infra/db/repositories/debt/debt.go:75.25,78.3 2 0
finances/internal/infra/db/repositories/debt/debt.go:78.8,80.3 1 0
finances/internal/infra/db/repositories/debt/debt.go:83.38,84.72 1 0
finances/internal/infra/db/repositories/debt/debt.go:84.72,88.3 3 0
finances/internal/infra/db/repositories/debt/debt.go:88.8,92.3 3 0
finances/internal/infra/db/repositories/debt/debt.go:95.42,100.24 3 0
finances/internal/infra/db/repositories/debt/debt.go:100.24,103.3 2 0
finances/internal/infra/db/repositories/debt/debt.go:103.8,105.3 1 0
finances/internal/infra/db/repositories/debt/debt.go:108.55,111.29 2 0
finances/internal/infra/db/repositories/debt/debt.go:111.29,115.3 3 0
finances/internal/infra/db/repositories/debt/debt.go:117.2,117.21 1 0
finances/internal/infra/db/repositories/debt/debt.go:120.40,123.16 2 0
finances/internal/infra/db/repositories/debt/debt.go:123.16,125.3 1 0
finances/internal/infra/db/repositories/debt/debt.go:127.2,127.12 1 0
finances/internal/infra/db/repositories/debt/debt.go:130.42,133.16 2 0
finances/internal/infra/db/repositories/debt/debt.go:133.16,135.3 1 0
finances/internal/infra/db/repositories/debt/debt.go:137.2,139.16 2 0
finances/internal/infra/db/repositories/debt/debt.go:139.16,141.3 1 0
finances/internal/infra/db/repositories/debt/debt.go:143.2,143.12 1 0
finances/internal/infra/db/repositories/income/income.go:10.47,13.25 2 0
finances/internal/infra/db/repositories/income/income.go:13.25,16.3 2 0
finances/internal/infra/db/repositories/income/income.go:18.2,18.12 1 0
finances/internal/infra/db/repositories/income/income.go:21.35,25.24 3 0
finances/internal/infra/db/repositories/income/income.go:25.24,28.3 2 0
finances/internal/infra/db/repositories/income/income.go:30.2,30.16 1 0
finances/internal/infra/db/repositories/income/income.go:33.55,37.24 3 0
finances/internal/infra/db/repositories/income/income.go:37.24,40.3 2 0
finances/internal/infra/db/repositories/income/income.go:42.2,42.21 1 0
finances/internal/infra/db/repositories/income/income.go:45.47,48.25 2 0
finances/internal/infra/db/repositories/income/income.go:48.25,51.3 2 0
finances/internal/infra/db/repositories/income/income.go:51.8,54.3 2 0
finances/internal/infra/db/repositories/income/income.go:57.40,59.76 1 0
finances/internal/infra/db/repositories/income/income.go:59.76,63.3 3 0
finances/internal/infra/db/repositories/income/income.go:63.8,67.3 3 0
finances/internal/infra/settings/env.go:32.28,34.2 1 0
finances/internal/infra/settings/env.go:36.17,37.41 1 0
finances/internal/infra/settings/env.go:37.41,39.3 1 0
finances/internal/infra/settings/env.go:40.2,40.46 1 0
